19:19:14.977 karate.env system property was:  
20:59:49.113 karate.env system property was:  
20:59:49.127 request:
1 > GET https://dummy.restapiexample.com/api/v1/employees
1 > Accept: application/json
1 > Accept-Encoding: gzip,deflate
1 > Connection: Keep-Alive
1 > Host: dummy.restapiexample.com
1 > User-Agent: Apache-HttpClient/4.5.12 (Java/13.0.2)

20:59:49.961 response time in milliseconds: 833.11
1 < 429
1 < Cache-Control: no-cache, private
1 < Content-Type: application/json
1 < Date: Mon, 24 Jul 2023 18:59:50 GMT
1 < Retry-After: 57
1 < Server: nginx/1.21.6
1 < Vary: Accept-Encoding
1 < X-Endurance-Cache-Level: 2
1 < X-RateLimit-Limit: 60
1 < X-RateLimit-Remaining: 56
1 < X-RateLimit-Reset: 1690225248
1 < X-nginx-cache: WordPress
1 < host-header: c2hhcmVkLmJsdWVob3N0LmNvbQ==
{
    "message": "Too Many Attempts."
}

20:59:49.963 status code was: 429, expected: 200, response time: 833, url: https://dummy.restapiexample.com/api/v1/employees, response: {"message":"Too Many Attempts."}
20:59:49.971 karate.env system property was:  
20:59:49.985 [print] Function value ==> 10
20:59:49.989 [print] Function value ==> 66
20:59:50.002 [print] Function value ==> Hello Mirette
20:59:50.009 karate.env system property was:  
20:59:50.012 request:
1 > POST https://dummyjson.com/products/add
1 > Accept: application/json
1 > Accept-Encoding: gzip,deflate
1 > Connection: Keep-Alive
1 > Content-Length: 505
1 > Content-Type: application/json; charset=UTF-8
1 > Host: dummyjson.com
1 > User-Agent: Apache-HttpClient/4.5.12 (Java/13.0.2)
{"id":"false","title":"Bad Title","description":"Bad des","price":10,"discountPercentage":10.0,"rating":10.0,"stock":10,"stocks":20,"brand":"Bad brand","category":"Bad category","thumbnail":"https://i.dummyjson.com/data/products/1/thumbnail.jpg","images":["https://i.dummyjson.com/data/products/1/1.jpg","https://i.dummyjson.com/data/products/1/2.jpg","https://i.dummyjson.com/data/products/1/3.jpg","https://i.dummyjson.com/data/products/1/4.jpg","https://i.dummyjson.com/data/products/1/thumbnail.jpg"]}

20:59:50.640 response time in milliseconds: 627.21
1 < 200
1 < access-control-allow-origin: *
1 < content-length: 461
1 < content-type: application/json; charset=utf-8
1 < date: Mon, 24 Jul 2023 18:59:52 GMT
1 < etag: W/"1cd-EqbgD10UMYEbWMeJnN8j9SdM+Oc"
1 < server: railway
1 < strict-transport-security: max-age=15552000; includeSubDomains
1 < vary: Accept-Encoding
1 < x-content-type-options: nosniff
1 < x-dns-prefetch-control: off
1 < x-download-options: noopen
1 < x-frame-options: SAMEORIGIN
1 < x-ratelimit-limit: 120
1 < x-ratelimit-remaining: 104
1 < x-ratelimit-reset: 1690225246
1 < x-xss-protection: 1; mode=block
{"id":101,"title":"Bad Title","price":10,"stock":10,"rating":10,"images":["https://i.dummyjson.com/data/products/1/1.jpg","https://i.dummyjson.com/data/products/1/2.jpg","https://i.dummyjson.com/data/products/1/3.jpg","https://i.dummyjson.com/data/products/1/4.jpg","https://i.dummyjson.com/data/products/1/thumbnail.jpg"],"thumbnail":"https://i.dummyjson.com/data/products/1/thumbnail.jpg","description":"Bad des","brand":"Bad brand","category":"Bad category"}

20:59:50.646 karate.env system property was:  
20:59:50.656 request:
1 > POST https://jsonplaceholder.typicode.com/posts
1 > Accept: application/json
1 > Accept-Encoding: gzip,deflate
1 > Connection: Keep-Alive
1 > Content-Length: 122
1 > Content-Type: application/json; charset=UTF-8
1 > Host: jsonplaceholder.typicode.com
1 > User-Agent: Apache-HttpClient/4.5.12 (Java/13.0.2)
{"userId":24,"id":102,"title":"sunt aut facere repellat provident occaecati excepturi optio reprehenderit","body":"Fifty"}

20:59:51.102 response time in milliseconds: 445.92
1 < 201
1 < Access-Control-Allow-Credentials: true
1 < Access-Control-Expose-Headers: Location
1 < CF-Cache-Status: DYNAMIC
1 < CF-RAY: 7ebe671d5cf6047b-CDG
1 < Cache-Control: no-cache
1 < Connection: keep-alive
1 < Content-Length: 139
1 < Content-Type: application/json; charset=utf-8
1 < Date: Mon, 24 Jul 2023 18:59:52 GMT
1 < Etag: W/"8b-JTptEcnE3ol+b1LXP9OzYGV83ks"
1 < Expires: -1
1 < Location: http://jsonplaceholder.typicode.com/posts/101
1 < NEL: {"success_fraction":0,"report_to":"cf-nel","max_age":604800}
1 < Pragma: no-cache
1 < Report-To: {"endpoints":[{"url":"https:\/\/a.nel.cloudflare.com\/report\/v3?s=r%2FviiFTJBHPfoYMoaTnvRuw5jmGrCe6q%2FjGRulrOXG4MFoAjuesmSM2xem5eEjAWFrPIwhCDoylX%2FcZ3qS3ERbL%2BBgleMLtBIsIDbvpT%2BT5G4TjGefjC88XDTUu9y93f2Udiwm5seXSPx4cG0zhQ"}],"group":"cf-nel","max_age":604800}
1 < Server: cloudflare
1 < Vary: Origin, X-HTTP-Method-Override, Accept-Encoding
1 < Via: 1.1 vegur
1 < X-Content-Type-Options: nosniff
1 < X-Powered-By: Express
1 < X-Ratelimit-Limit: 1000
1 < X-Ratelimit-Remaining: 987
1 < X-Ratelimit-Reset: 1690225220
1 < alt-svc: h3=":443"; ma=86400
{
  "userId": 24,
  "id": 101,
  "title": "sunt aut facere repellat provident occaecati excepturi optio reprehenderit",
  "body": "Fifty"
}

20:59:51.108 [print] Calling Feature 24
20:59:51.112 [print] Calling Feature 4
20:59:51.118 request:
1 > PUT https://jsonplaceholder.typicode.com/posts/1
1 > Accept: application/json
1 > Accept-Encoding: gzip,deflate
1 > Connection: Keep-Alive
1 > Content-Length: 123
1 > Content-Type: application/json; charset=UTF-8
1 > Host: jsonplaceholder.typicode.com
1 > User-Agent: Apache-HttpClient/4.5.12 (Java/13.0.2)
{"userId":24,"id":1,"title":"sunt aut facere repellat provident occaecati excepturi optio reprehenderit","body":"one word"}

20:59:51.546 response time in milliseconds: 427.50
1 < 200
1 < Access-Control-Allow-Credentials: true
1 < CF-Cache-Status: DYNAMIC
1 < CF-RAY: 7ebe6720285ff144-CDG
1 < Cache-Control: no-cache
1 < Connection: keep-alive
1 < Content-Type: application/json; charset=utf-8
1 < Date: Mon, 24 Jul 2023 18:59:53 GMT
1 < Etag: W/"8c-H3eSeg3XGz20+Ue5nPu/tSFgGC4"
1 < Expires: -1
1 < NEL: {"success_fraction":0,"report_to":"cf-nel","max_age":604800}
1 < Pragma: no-cache
1 < Report-To: {"endpoints":[{"url":"https:\/\/a.nel.cloudflare.com\/report\/v3?s=GaML6AqQQox0dGX80UPc32tJo%2B3VdpDTdVqMytayC4Rkgpn3dZ7OqHrfRZkA5BOe0GTHPew%2B0aswcqcSjBpr%2BOgscMVtb6q45CFq%2FBNJwBiJ14cHA%2FFBaEPaze1%2Fj5N82qjWmSuspIVak7r2oaQD"}],"group":"cf-nel","max_age":604800}
1 < Server: cloudflare
1 < Transfer-Encoding: chunked
1 < Vary: Origin, Accept-Encoding
1 < Via: 1.1 vegur
1 < X-Content-Type-Options: nosniff
1 < X-Powered-By: Express
1 < X-Ratelimit-Limit: 1000
1 < X-Ratelimit-Remaining: 983
1 < X-Ratelimit-Reset: 1690225220
1 < alt-svc: h3=":443"; ma=86400
{
  "userId": 24,
  "id": 1,
  "title": "sunt aut facere repellat provident occaecati excepturi optio reprehenderit",
  "body": "one word"
}

