19:19:14.977 karate.env system property was:  
19:19:15.003 [print] Helper ==> https://jsonplaceholder.typicode.com
19:19:15.003 [print] Helper ==> /posts
19:19:15.004 [print] Helper ==> 83
19:19:15.006 request:
1 > POST https://jsonplaceholder.typicode.com/posts
1 > Accept: application/json
1 > Accept-Encoding: gzip,deflate
1 > Connection: Keep-Alive
1 > Content-Length: 122
1 > Content-Type: application/json; charset=UTF-8
1 > Host: jsonplaceholder.typicode.com
1 > User-Agent: Apache-HttpClient/4.5.12 (Java/13.0.2)
{"userId":83,"id":102,"title":"sunt aut facere repellat provident occaecati excepturi optio reprehenderit","body":"Fifty"}

19:19:15.444 response time in milliseconds: 436.96
1 < 201
1 < Access-Control-Allow-Credentials: true
1 < Access-Control-Expose-Headers: Location
1 < CF-Cache-Status: DYNAMIC
1 < CF-RAY: 7ec61119ad8c02d7-CDG
1 < Cache-Control: no-cache
1 < Connection: keep-alive
1 < Content-Length: 139
1 < Content-Type: application/json; charset=utf-8
1 < Date: Tue, 25 Jul 2023 17:19:15 GMT
1 < Etag: W/"8b-Yf075C6DDspw2Z9GdE1RdstIOsI"
1 < Expires: -1
1 < Location: http://jsonplaceholder.typicode.com/posts/101
1 < NEL: {"success_fraction":0,"report_to":"cf-nel","max_age":604800}
1 < Pragma: no-cache
1 < Report-To: {"endpoints":[{"url":"https:\/\/a.nel.cloudflare.com\/report\/v3?s=vO%2BdmIooZK%2FU7AcoEgfWjXz2x5sg0UvS2CS8U6f%2BER%2F9bR0KUmab5lxF5tQOcqCogIVuhDXha0UTcGOE89HAxRWdxnRGQ3vHT5TEcn8gzLX3rdrR3%2Bmbdm7Gam6ZhvYkhJAYJoQId%2F%2B1kZ48pjeh"}],"group":"cf-nel","max_age":604800}
1 < Server: cloudflare
1 < Vary: Origin, X-HTTP-Method-Override, Accept-Encoding
1 < Via: 1.1 vegur
1 < X-Content-Type-Options: nosniff
1 < X-Powered-By: Express
1 < X-Ratelimit-Limit: 1000
1 < X-Ratelimit-Remaining: 983
1 < X-Ratelimit-Reset: 1690305608
1 < alt-svc: h3=":443"; ma=86400
{
  "userId": 83,
  "id": 101,
  "title": "sunt aut facere repellat provident occaecati excepturi optio reprehenderit",
  "body": "Fifty"
}

19:19:15.450 request:
1 > GET https://jsonplaceholder.typicode.com/comments?postId=83&id=101
1 > Accept: application/json
1 > Accept-Encoding: gzip,deflate
1 > Connection: Keep-Alive
1 > Content-Type: application/json
1 > Host: jsonplaceholder.typicode.com
1 > User-Agent: Apache-HttpClient/4.5.12 (Java/13.0.2)

19:19:15.866 response time in milliseconds: 415.31
1 < 200
1 < Accept-Ranges: bytes
1 < Access-Control-Allow-Credentials: true
1 < CF-Cache-Status: MISS
1 < CF-RAY: 7ec6111c6aa03d07-CDG
1 < Cache-Control: max-age=43200
1 < Connection: keep-alive
1 < Content-Length: 2
1 < Content-Type: application/json; charset=utf-8
1 < Date: Tue, 25 Jul 2023 17:19:16 GMT
1 < Etag: W/"2-l9Fw4VUO7kr8CvBlt4zaMCqXZ0w"
1 < Expires: -1
1 < NEL: {"success_fraction":0,"report_to":"cf-nel","max_age":604800}
1 < Pragma: no-cache
1 < Report-To: {"endpoints":[{"url":"https:\/\/a.nel.cloudflare.com\/report\/v3?s=ZuGBFfH9GM7grA6UD5UTF0CrmKsqw85MvLmbWoCl%2FNfJBTFBH3nPoy%2B5HodcKNGotUU3t1Y65OVNcePx03H9noSOsrVi3sfTUFpAKyy7u5I8zjmqXhQ56mb27F4A19W1MtJswtBAXpEnixO%2F%2FpeL"}],"group":"cf-nel","max_age":604800}
1 < Server: cloudflare
1 < Vary: Origin, Accept-Encoding
1 < Via: 1.1 vegur
1 < X-Content-Type-Options: nosniff
1 < X-Powered-By: Express
1 < X-Ratelimit-Limit: 1000
1 < X-Ratelimit-Remaining: 982
1 < X-Ratelimit-Reset: 1690305608
1 < alt-svc: h3=":443"; ma=86400
[]

8
1 < alt-svc: h3=":443"; ma=86400
[]

s":["https://i.dummyjson.com/data/products/1/1.jpg","https://i.dummyjson.com/data/products/1/2.jpg","https://i.dummyjson.com/data/products/1/3.jpg","https://i.dummyjson.com/data/products/1/4.jpg","https://i.dummyjson.com/data/products/1/thumbnail.jpg"],"thumbnail":"https://i.dummyjson.com/data/products/1/thumbnail.jpg","description":"Bad des","brand":"Bad brand","category":"Bad category"}

20:59:50.232 [print] {
  "images": [
    "https://i.dummyjson.com/data/products/1/1.jpg",
    "https://i.dummyjson.com/data/products/1/2.jpg",
    "https://i.dummyjson.com/data/products/1/3.jpg",
    "https://i.dummyjson.com/data/products/1/4.jpg",
    "https://i.dummyjson.com/data/products/1/thumbnail.jpg"
  ],
  "thumbnail": "https://i.dummyjson.com/data/products/1/thumbnail.jpg",
  "price": 10,
  "rating": 10,
  "description": "Bad des",
  "id": 101,
  "title": "Bad Title",
  "stock": 10,
  "category": "Bad category",
  "brand": "Bad brand"
}

20:59:50.242 karate.env system property was:  
20:59:50.251 request:
1 > POST https://dummyjson.com/products/add
1 > Accept: application/json
1 > Accept-Encoding: gzip,deflate
1 > Connection: Keep-Alive
1 > Content-Length: 501
1 > Content-Type: application/json; charset=UTF-8
1 > Host: dummyjson.com
1 > User-Agent: Apache-HttpClient/4.5.12 (Java/13.0.2)
{"id":131,"title":"Bad Title","description":"Bad des","price":10,"discountPercentage":10.0,"rating":10.0,"stock":10,"stocks":20,"brand":"Bad brand","category":"Bad category","thumbnail":"https://i.dummyjson.com/data/products/1/thumbnail.jpg","images":["https://i.dummyjson.com/data/products/1/1.jpg","https://i.dummyjson.com/data/products/1/2.jpg","https://i.dummyjson.com/data/products/1/3.jpg","https://i.dummyjson.com/data/products/1/4.jpg","https://i.dummyjson.com/data/products/1/thumbnail.jpg"]}

20:59:50.872 response time in milliseconds: 620.42
1 < 200
1 < access-control-allow-origin: *
1 < content-length: 461
1 < content-type: application/json; charset=utf-8
1 < date: Mon, 24 Jul 2023 18:59:52 GMT
1 < etag: W/"1cd-EqbgD10UMYEbWMeJnN8j9SdM+Oc"
1 < server: railway
1 < strict-transport-security: max-age=15552000; includeSubDomains
1 < vary: Accept-Encoding
1 < x-content-type-options: nosniff
1 < x-dns-prefetch-control: off
1 < x-download-options: noopen
1 < x-frame-options: SAMEORIGIN
1 < x-ratelimit-limit: 120
1 < x-ratelimit-remaining: 103
1 < x-ratelimit-reset: 1690225246
1 < x-xss-protection: 1; mode=block
{"id":101,"title":"Bad Title","price":10,"stock":10,"rating":10,"images":["https://i.dummyjson.com/data/products/1/1.jpg","https://i.dummyjson.com/data/products/1/2.jpg","https://i.dummyjson.com/data/products/1/3.jpg","https://i.dummyjson.com/data/products/1/4.jpg","https://i.dummyjson.com/data/products/1/thumbnail.jpg"],"thumbnail":"https://i.dummyjson.com/data/products/1/thumbnail.jpg","description":"Bad des","brand":"Bad brand","category":"Bad category"}

20:59:50.882 karate.env system property was:  
20:59:50.904 [print] Helper ==> https://jsonplaceholder.typicode.com
20:59:50.907 [print] Helper ==> /posts
20:59:50.911 [print] Helper ==> 89
20:59:50.918 request:
1 > POST https://jsonplaceholder.typicode.com/posts
1 > Accept: application/json
1 > Accept-Encoding: gzip,deflate
1 > Connection: Keep-Alive
1 > Content-Length: 122
1 > Content-Type: application/json; charset=UTF-8
1 > Host: jsonplaceholder.typicode.com
1 > User-Agent: Apache-HttpClient/4.5.12 (Java/13.0.2)
{"userId":89,"id":102,"title":"sunt aut facere repellat provident occaecati excepturi optio reprehenderit","body":"Fifty"}

20:59:51.344 response time in milliseconds: 425.68
1 < 201
1 < Access-Control-Allow-Credentials: true
1 < Access-Control-Expose-Headers: Location
1 < CF-Cache-Status: DYNAMIC
1 < CF-RAY: 7ebe671ee85c008c-CDG
1 < Cache-Control: no-cache
1 < Connection: keep-alive
1 < Content-Length: 139
1 < Content-Type: application/json; charset=utf-8
1 < Date: Mon, 24 Jul 2023 18:59:52 GMT
1 < Etag: W/"8b-kGeTHaz2kjzOGFyH/kPF53vC4LI"
1 < Expires: -1
1 < Location: http://jsonplaceholder.typicode.com/posts/101
1 < NEL: {"success_fraction":0,"report_to":"cf-nel","max_age":604800}
1 < Pragma: no-cache
1 < Report-To: {"endpoints":[{"url":"https:\/\/a.nel.cloudflare.com\/report\/v3?s=jz7iRkfJYIPtaQP9S1EuBBtTibuxf90nqAOqRPM6fr1S%2BBP9VtPg2JN0uLgUORgAOCqlx9TydEyh7zvb1NhO0tvXGw8Tqyp9yhGeaqOdphxgVqn5G8ImxLO2u3z3mfgXa0GIb4ixOyMymqXGlF32"}],"group":"cf-nel","max_age":604800}
1 < Server: cloudflare
1 < Vary: Origin, X-HTTP-Method-Override, Accept-Encoding
1 < Via: 1.1 vegur
1 < X-Content-Type-Options: nosniff
1 < X-Powered-By: Express
1 < X-Ratelimit-Limit: 1000
1 < X-Ratelimit-Remaining: 986
1 < X-Ratelimit-Reset: 1690225220
1 < alt-svc: h3=":443"; ma=86400
{
  "userId": 89,
  "id": 101,
  "title": "sunt aut facere repellat provident occaecati excepturi optio reprehenderit",
  "body": "Fifty"
}

20:59:51.347 request:
1 > PUT https://jsonplaceholder.typicode.com/posts/1
1 > Accept: application/json
1 > Accept-Encoding: gzip,deflate
1 > Connection: Keep-Alive
1 > Content-Length: 123
1 > Content-Type: application/json; charset=UTF-8
1 > Host: jsonplaceholder.typicode.com
1 > User-Agent: Apache-HttpClient/4.5.12 (Java/13.0.2)
{"userId":89,"id":1,"title":"sunt aut facere repellat provident occaecati excepturi optio reprehenderit","body":"one word"}

20:59:51.869 response time in milliseconds: 520.60
1 < 200
1 < Access-Control-Allow-Credentials: true
1 < CF-Cache-Status: DYNAMIC
1 < CF-RAY: 7ebe67218f9c3ca4-CDG
1 < Cache-Control: no-cache
1 < Connection: keep-alive
1 < Content-Type: application/json; charset=utf-8
1 < Date: Mon, 24 Jul 2023 18:59:53 GMT
1 < Etag: W/"8c-6DxBn4Cnt+G7oME5YgjOf6IKDPs"
1 < Expires: -1
1 < NEL: {"success_fraction":0,"report_to":"cf-nel","max_age":604800}
1 < Pragma: no-cache
1 < Report-To: {"endpoints":[{"url":"https:\/\/a.nel.cloudflare.com\/report\/v3?s=otoLMIuqDDQBleYeX2J5CZiHYMmC01hofn7SGyHxmwTxAni6P2qboU60pORVeKa3HvMpupx2RuL8iWCxTfjWYmR9XLaQvIX9ibDLhoesVLlu2lK3kDw0c7%2Fa5VIqJj1Lx1SMRqGAvwQy%2BqJO5NGc"}],"group":"cf-nel","max_age":604800}
1 < Server: cloudflare
1 < Transfer-Encoding: chunked
1 < Vary: Origin, Accept-Encoding
1 < Via: 1.1 vegur
1 < X-Content-Type-Options: nosniff
1 < X-Powered-By: Express
1 < X-Ratelimit-Limit: 1000
1 < X-Ratelimit-Remaining: 982
1 < X-Ratelimit-Reset: 1690225220
1 < alt-svc: h3=":443"; ma=86400
{
  "userId": 89,
  "id": 1,
  "title": "sunt aut facere repellat provident occaecati excepturi optio reprehenderit",
  "body": "one word"
}

